2020-05-14 21:24:33,206 0      [ost-startStop-1] INFO  work.web.context.ContextLoader  - Root WebApplicationContext: initialization started
2020-05-14 21:24:33,246 40     [ost-startStop-1] INFO  pport.XmlWebApplicationContext  - Refreshing Root WebApplicationContext: startup date [Thu May 14 21:24:33 CST 2020]; root of context hierarchy
2020-05-14 21:24:33,277 71     [ost-startStop-1] INFO  ry.xml.XmlBeanDefinitionReader  - Loading XML bean definitions from class path resource [applicationContext.xml]
2020-05-14 21:24:33,694 488    [ost-startStop-1] INFO  redAnnotationBeanPostProcessor  - JSR-330 'javax.inject.Inject' annotation found and supported for autowiring
2020-05-14 21:24:33,806 600    [ost-startStop-1] INFO  source.DriverManagerDataSource  - Loaded JDBC driver: com.mysql.jdbc.Driver
2020-05-14 21:24:34,081 875    [ost-startStop-1] INFO  work.web.context.ContextLoader  - Root WebApplicationContext: initialization completed in 874 ms
2020-05-14 21:24:34,104 898    [ost-startStop-1] INFO  .web.servlet.DispatcherServlet  - FrameworkServlet 'dispatcherServlet': initialization started
2020-05-14 21:24:34,106 900    [ost-startStop-1] INFO  pport.XmlWebApplicationContext  - Refreshing WebApplicationContext for namespace 'dispatcherServlet-servlet': startup date [Thu May 14 21:24:34 CST 2020]; parent: Root WebApplicationContext
2020-05-14 21:24:34,106 900    [ost-startStop-1] INFO  ry.xml.XmlBeanDefinitionReader  - Loading XML bean definitions from class path resource [springmvc.xml]
2020-05-14 21:24:34,228 1022   [ost-startStop-1] INFO  redAnnotationBeanPostProcessor  - JSR-330 'javax.inject.Inject' annotation found and supported for autowiring
2020-05-14 21:24:34,411 1205   [ost-startStop-1] INFO  andler.SimpleUrlHandlerMapping  - Mapped URL path [/css/**] onto handler 'org.springframework.web.servlet.resource.ResourceHttpRequestHandler#0'
2020-05-14 21:24:34,429 1223   [ost-startStop-1] INFO  andler.SimpleUrlHandlerMapping  - Mapped URL path [/images/**] onto handler 'org.springframework.web.servlet.resource.ResourceHttpRequestHandler#1'
2020-05-14 21:24:34,434 1228   [ost-startStop-1] INFO  andler.SimpleUrlHandlerMapping  - Mapped URL path [/js/**] onto handler 'org.springframework.web.servlet.resource.ResourceHttpRequestHandler#2'
2020-05-14 21:24:34,440 1234   [ost-startStop-1] INFO  andler.SimpleUrlHandlerMapping  - Mapped URL path [/fonts/**] onto handler 'org.springframework.web.servlet.resource.ResourceHttpRequestHandler#3'
2020-05-14 21:24:34,478 1272   [ost-startStop-1] INFO  n.RequestMappingHandlerMapping  - Mapped "{[/account/save]}" onto public void cn.itcast.controller.AccountController.save(cn.itcast.domain.Account,javax.servlet.http.HttpServletRequest,javax.servlet.http.HttpServletResponse) throws java.io.IOException
2020-05-14 21:24:34,479 1273   [ost-startStop-1] INFO  n.RequestMappingHandlerMapping  - Mapped "{[/account/loginAjax]}" onto public void cn.itcast.controller.AccountController.loginAjax(java.lang.String,java.lang.String,javax.servlet.http.HttpServletResponse,javax.servlet.http.HttpServletRequest) throws java.io.IOException
2020-05-14 21:24:34,479 1273   [ost-startStop-1] INFO  n.RequestMappingHandlerMapping  - Mapped "{[/account/logoutAjax]}" onto public void cn.itcast.controller.AccountController.logoutAjax(javax.servlet.http.HttpServletRequest)
2020-05-14 21:24:34,480 1274   [ost-startStop-1] INFO  n.RequestMappingHandlerMapping  - Mapped "{[/unUse/testException]}" onto public java.lang.String cn.itcast.controller.ExceptionTestController.testException() throws cn.itcast.exception.SysException
2020-05-14 21:24:34,480 1274   [ost-startStop-1] INFO  n.RequestMappingHandlerMapping  - Mapped "{[/unUse/testInterceptor]}" onto public java.lang.String cn.itcast.controller.ExceptionTestController.testInterceptor()
2020-05-14 21:24:34,482 1276   [ost-startStop-1] INFO  n.RequestMappingHandlerMapping  - Mapped "{[/List/addUser]}" onto public void cn.itcast.controller.ListController.addUser(cn.itcast.domain.Account)
2020-05-14 21:24:34,483 1277   [ost-startStop-1] INFO  n.RequestMappingHandlerMapping  - Mapped "{[/List/editUser]}" onto public void cn.itcast.controller.ListController.editUser(cn.itcast.domain.Account)
2020-05-14 21:24:34,483 1277   [ost-startStop-1] INFO  n.RequestMappingHandlerMapping  - Mapped "{[/List/findAll]}" onto public java.util.List<cn.itcast.domain.Account> cn.itcast.controller.ListController.finAll()
2020-05-14 21:24:34,483 1277   [ost-startStop-1] INFO  n.RequestMappingHandlerMapping  - Mapped "{[/List/delUser]}" onto public void cn.itcast.controller.ListController.delUser(java.util.List<java.lang.Integer>)
2020-05-14 21:24:34,835 1629   [ost-startStop-1] INFO  n.RequestMappingHandlerAdapter  - Looking for @ControllerAdvice: WebApplicationContext for namespace 'dispatcherServlet-servlet': startup date [Thu May 14 21:24:34 CST 2020]; parent: Root WebApplicationContext
2020-05-14 21:24:34,889 1683   [ost-startStop-1] INFO  n.RequestMappingHandlerAdapter  - Looking for @ControllerAdvice: WebApplicationContext for namespace 'dispatcherServlet-servlet': startup date [Thu May 14 21:24:34 CST 2020]; parent: Root WebApplicationContext
2020-05-14 21:24:34,967 1761   [ost-startStop-1] INFO  .web.servlet.DispatcherServlet  - FrameworkServlet 'dispatcherServlet': initialization completed in 863 ms
2020-05-14 21:25:28,040 0      [ost-startStop-1] INFO  work.web.context.ContextLoader  - Root WebApplicationContext: initialization started
2020-05-14 21:25:28,079 39     [ost-startStop-1] INFO  pport.XmlWebApplicationContext  - Refreshing Root WebApplicationContext: startup date [Thu May 14 21:25:28 CST 2020]; root of context hierarchy
2020-05-14 21:25:28,109 69     [ost-startStop-1] INFO  ry.xml.XmlBeanDefinitionReader  - Loading XML bean definitions from class path resource [applicationContext.xml]
2020-05-14 21:25:28,519 479    [ost-startStop-1] INFO  redAnnotationBeanPostProcessor  - JSR-330 'javax.inject.Inject' annotation found and supported for autowiring
2020-05-14 21:25:28,636 596    [ost-startStop-1] INFO  source.DriverManagerDataSource  - Loaded JDBC driver: com.mysql.jdbc.Driver
2020-05-14 21:25:28,916 876    [ost-startStop-1] INFO  work.web.context.ContextLoader  - Root WebApplicationContext: initialization completed in 875 ms
2020-05-14 21:25:28,941 901    [ost-startStop-1] INFO  .web.servlet.DispatcherServlet  - FrameworkServlet 'dispatcherServlet': initialization started
2020-05-14 21:25:28,943 903    [ost-startStop-1] INFO  pport.XmlWebApplicationContext  - Refreshing WebApplicationContext for namespace 'dispatcherServlet-servlet': startup date [Thu May 14 21:25:28 CST 2020]; parent: Root WebApplicationContext
2020-05-14 21:25:28,944 904    [ost-startStop-1] INFO  ry.xml.XmlBeanDefinitionReader  - Loading XML bean definitions from class path resource [springmvc.xml]
2020-05-14 21:25:29,071 1031   [ost-startStop-1] INFO  redAnnotationBeanPostProcessor  - JSR-330 'javax.inject.Inject' annotation found and supported for autowiring
2020-05-14 21:25:29,235 1195   [ost-startStop-1] INFO  andler.SimpleUrlHandlerMapping  - Mapped URL path [/css/**] onto handler 'org.springframework.web.servlet.resource.ResourceHttpRequestHandler#0'
2020-05-14 21:25:29,250 1210   [ost-startStop-1] INFO  andler.SimpleUrlHandlerMapping  - Mapped URL path [/images/**] onto handler 'org.springframework.web.servlet.resource.ResourceHttpRequestHandler#1'
2020-05-14 21:25:29,255 1215   [ost-startStop-1] INFO  andler.SimpleUrlHandlerMapping  - Mapped URL path [/js/**] onto handler 'org.springframework.web.servlet.resource.ResourceHttpRequestHandler#2'
2020-05-14 21:25:29,258 1218   [ost-startStop-1] INFO  andler.SimpleUrlHandlerMapping  - Mapped URL path [/fonts/**] onto handler 'org.springframework.web.servlet.resource.ResourceHttpRequestHandler#3'
2020-05-14 21:25:29,290 1250   [ost-startStop-1] INFO  n.RequestMappingHandlerMapping  - Mapped "{[/account/save]}" onto public void cn.itcast.controller.AccountController.save(cn.itcast.domain.Account,javax.servlet.http.HttpServletRequest,javax.servlet.http.HttpServletResponse) throws java.io.IOException
2020-05-14 21:25:29,291 1251   [ost-startStop-1] INFO  n.RequestMappingHandlerMapping  - Mapped "{[/account/logoutAjax]}" onto public void cn.itcast.controller.AccountController.logoutAjax(javax.servlet.http.HttpServletRequest)
2020-05-14 21:25:29,291 1251   [ost-startStop-1] INFO  n.RequestMappingHandlerMapping  - Mapped "{[/account/loginAjax]}" onto public void cn.itcast.controller.AccountController.loginAjax(java.lang.String,java.lang.String,javax.servlet.http.HttpServletResponse,javax.servlet.http.HttpServletRequest) throws java.io.IOException
2020-05-14 21:25:29,292 1252   [ost-startStop-1] INFO  n.RequestMappingHandlerMapping  - Mapped "{[/unUse/testException]}" onto public java.lang.String cn.itcast.controller.ExceptionTestController.testException() throws cn.itcast.exception.SysException
2020-05-14 21:25:29,293 1253   [ost-startStop-1] INFO  n.RequestMappingHandlerMapping  - Mapped "{[/unUse/testInterceptor]}" onto public java.lang.String cn.itcast.controller.ExceptionTestController.testInterceptor()
2020-05-14 21:25:29,295 1255   [ost-startStop-1] INFO  n.RequestMappingHandlerMapping  - Mapped "{[/List/addUser]}" onto public void cn.itcast.controller.ListController.addUser(cn.itcast.domain.Account)
2020-05-14 21:25:29,295 1255   [ost-startStop-1] INFO  n.RequestMappingHandlerMapping  - Mapped "{[/List/editUser]}" onto public void cn.itcast.controller.ListController.editUser(cn.itcast.domain.Account)
2020-05-14 21:25:29,295 1255   [ost-startStop-1] INFO  n.RequestMappingHandlerMapping  - Mapped "{[/List/findAll]}" onto public java.util.List<cn.itcast.domain.Account> cn.itcast.controller.ListController.finAll()
2020-05-14 21:25:29,296 1256   [ost-startStop-1] INFO  n.RequestMappingHandlerMapping  - Mapped "{[/List/delUser]}" onto public void cn.itcast.controller.ListController.delUser(java.util.List<java.lang.Integer>)
2020-05-14 21:25:29,534 1494   [ost-startStop-1] INFO  n.RequestMappingHandlerAdapter  - Looking for @ControllerAdvice: WebApplicationContext for namespace 'dispatcherServlet-servlet': startup date [Thu May 14 21:25:28 CST 2020]; parent: Root WebApplicationContext
2020-05-14 21:25:29,581 1541   [ost-startStop-1] INFO  n.RequestMappingHandlerAdapter  - Looking for @ControllerAdvice: WebApplicationContext for namespace 'dispatcherServlet-servlet': startup date [Thu May 14 21:25:28 CST 2020]; parent: Root WebApplicationContext
2020-05-14 21:25:29,650 1610   [ost-startStop-1] INFO  .web.servlet.DispatcherServlet  - FrameworkServlet 'dispatcherServlet': initialization completed in 709 ms
2020-05-14 21:25:36,386 8346   [io-8080-exec-10] WARN  ework.web.servlet.PageNotFound  - No mapping found for HTTP request with URI [/favicon.ico] in DispatcherServlet with name 'dispatcherServlet'
2020-05-14 21:30:54,930 0      [ost-startStop-1] INFO  work.web.context.ContextLoader  - Root WebApplicationContext: initialization started
2020-05-14 21:30:55,038 108    [ost-startStop-1] INFO  pport.XmlWebApplicationContext  - Refreshing Root WebApplicationContext: startup date [Thu May 14 21:30:55 CST 2020]; root of context hierarchy
2020-05-14 21:30:55,065 135    [ost-startStop-1] INFO  ry.xml.XmlBeanDefinitionReader  - Loading XML bean definitions from class path resource [applicationContext.xml]
2020-05-14 21:30:55,471 541    [ost-startStop-1] INFO  redAnnotationBeanPostProcessor  - JSR-330 'javax.inject.Inject' annotation found and supported for autowiring
2020-05-14 21:30:55,575 645    [ost-startStop-1] INFO  source.DriverManagerDataSource  - Loaded JDBC driver: com.mysql.jdbc.Driver
2020-05-14 21:30:55,834 904    [ost-startStop-1] INFO  work.web.context.ContextLoader  - Root WebApplicationContext: initialization completed in 833 ms
2020-05-14 21:30:55,858 928    [ost-startStop-1] INFO  .web.servlet.DispatcherServlet  - FrameworkServlet 'dispatcherServlet': initialization started
2020-05-14 21:30:55,861 931    [ost-startStop-1] INFO  pport.XmlWebApplicationContext  - Refreshing WebApplicationContext for namespace 'dispatcherServlet-servlet': startup date [Thu May 14 21:30:55 CST 2020]; parent: Root WebApplicationContext
2020-05-14 21:30:55,861 931    [ost-startStop-1] INFO  ry.xml.XmlBeanDefinitionReader  - Loading XML bean definitions from class path resource [springmvc.xml]
2020-05-14 21:30:55,959 1029   [ost-startStop-1] INFO  redAnnotationBeanPostProcessor  - JSR-330 'javax.inject.Inject' annotation found and supported for autowiring
2020-05-14 21:30:56,168 1238   [ost-startStop-1] INFO  andler.SimpleUrlHandlerMapping  - Mapped URL path [/css/**] onto handler 'org.springframework.web.servlet.resource.ResourceHttpRequestHandler#0'
2020-05-14 21:30:56,181 1251   [ost-startStop-1] INFO  andler.SimpleUrlHandlerMapping  - Mapped URL path [/images/**] onto handler 'org.springframework.web.servlet.resource.ResourceHttpRequestHandler#1'
2020-05-14 21:30:56,186 1256   [ost-startStop-1] INFO  andler.SimpleUrlHandlerMapping  - Mapped URL path [/js/**] onto handler 'org.springframework.web.servlet.resource.ResourceHttpRequestHandler#2'
2020-05-14 21:30:56,190 1260   [ost-startStop-1] INFO  andler.SimpleUrlHandlerMapping  - Mapped URL path [/fonts/**] onto handler 'org.springframework.web.servlet.resource.ResourceHttpRequestHandler#3'
2020-05-14 21:30:56,222 1292   [ost-startStop-1] INFO  n.RequestMappingHandlerMapping  - Mapped "{[/account/save]}" onto public void cn.itcast.controller.AccountController.save(cn.itcast.domain.Account,javax.servlet.http.HttpServletRequest,javax.servlet.http.HttpServletResponse) throws java.io.IOException
2020-05-14 21:30:56,223 1293   [ost-startStop-1] INFO  n.RequestMappingHandlerMapping  - Mapped "{[/account/logoutAjax]}" onto public void cn.itcast.controller.AccountController.logoutAjax(javax.servlet.http.HttpServletRequest)
2020-05-14 21:30:56,224 1294   [ost-startStop-1] INFO  n.RequestMappingHandlerMapping  - Mapped "{[/account/loginAjax]}" onto public void cn.itcast.controller.AccountController.loginAjax(java.lang.String,java.lang.String,javax.servlet.http.HttpServletResponse,javax.servlet.http.HttpServletRequest) throws java.io.IOException
2020-05-14 21:30:56,225 1295   [ost-startStop-1] INFO  n.RequestMappingHandlerMapping  - Mapped "{[/unUse/testException]}" onto public java.lang.String cn.itcast.controller.ExceptionTestController.testException() throws cn.itcast.exception.SysException
2020-05-14 21:30:56,225 1295   [ost-startStop-1] INFO  n.RequestMappingHandlerMapping  - Mapped "{[/unUse/testInterceptor]}" onto public java.lang.String cn.itcast.controller.ExceptionTestController.testInterceptor()
2020-05-14 21:30:56,227 1297   [ost-startStop-1] INFO  n.RequestMappingHandlerMapping  - Mapped "{[/List/findAll]}" onto public java.util.List<cn.itcast.domain.Account> cn.itcast.controller.ListController.finAll()
2020-05-14 21:30:56,227 1297   [ost-startStop-1] INFO  n.RequestMappingHandlerMapping  - Mapped "{[/List/editUser]}" onto public void cn.itcast.controller.ListController.editUser(cn.itcast.domain.Account)
2020-05-14 21:30:56,228 1298   [ost-startStop-1] INFO  n.RequestMappingHandlerMapping  - Mapped "{[/List/delUser]}" onto public void cn.itcast.controller.ListController.delUser(java.util.List<java.lang.Integer>)
2020-05-14 21:30:56,228 1298   [ost-startStop-1] INFO  n.RequestMappingHandlerMapping  - Mapped "{[/List/addUser]}" onto public void cn.itcast.controller.ListController.addUser(cn.itcast.domain.Account)
2020-05-14 21:30:56,499 1569   [ost-startStop-1] INFO  n.RequestMappingHandlerAdapter  - Looking for @ControllerAdvice: WebApplicationContext for namespace 'dispatcherServlet-servlet': startup date [Thu May 14 21:30:55 CST 2020]; parent: Root WebApplicationContext
2020-05-14 21:30:56,544 1614   [ost-startStop-1] INFO  n.RequestMappingHandlerAdapter  - Looking for @ControllerAdvice: WebApplicationContext for namespace 'dispatcherServlet-servlet': startup date [Thu May 14 21:30:55 CST 2020]; parent: Root WebApplicationContext
2020-05-14 21:30:56,711 1781   [ost-startStop-1] INFO  .web.servlet.DispatcherServlet  - FrameworkServlet 'dispatcherServlet': initialization completed in 852 ms
2020-05-14 21:39:33,377 0      [ost-startStop-1] INFO  work.web.context.ContextLoader  - Root WebApplicationContext: initialization started
2020-05-14 21:39:33,412 35     [ost-startStop-1] INFO  pport.XmlWebApplicationContext  - Refreshing Root WebApplicationContext: startup date [Thu May 14 21:39:33 CST 2020]; root of context hierarchy
2020-05-14 21:39:33,440 63     [ost-startStop-1] INFO  ry.xml.XmlBeanDefinitionReader  - Loading XML bean definitions from class path resource [applicationContext.xml]
2020-05-14 21:39:33,834 457    [ost-startStop-1] INFO  redAnnotationBeanPostProcessor  - JSR-330 'javax.inject.Inject' annotation found and supported for autowiring
2020-05-14 21:39:33,939 562    [ost-startStop-1] INFO  source.DriverManagerDataSource  - Loaded JDBC driver: com.mysql.jdbc.Driver
2020-05-14 21:39:34,247 870    [ost-startStop-1] INFO  work.web.context.ContextLoader  - Root WebApplicationContext: initialization completed in 869 ms
2020-05-14 21:39:34,293 916    [ost-startStop-1] INFO  .web.servlet.DispatcherServlet  - FrameworkServlet 'dispatcherServlet': initialization started
2020-05-14 21:39:34,299 922    [ost-startStop-1] INFO  pport.XmlWebApplicationContext  - Refreshing WebApplicationContext for namespace 'dispatcherServlet-servlet': startup date [Thu May 14 21:39:34 CST 2020]; parent: Root WebApplicationContext
2020-05-14 21:39:34,300 923    [ost-startStop-1] INFO  ry.xml.XmlBeanDefinitionReader  - Loading XML bean definitions from class path resource [springmvc.xml]
2020-05-14 21:39:34,632 1255   [ost-startStop-1] INFO  redAnnotationBeanPostProcessor  - JSR-330 'javax.inject.Inject' annotation found and supported for autowiring
2020-05-14 21:39:34,829 1452   [ost-startStop-1] INFO  andler.SimpleUrlHandlerMapping  - Mapped URL path [/css/**] onto handler 'org.springframework.web.servlet.resource.ResourceHttpRequestHandler#0'
2020-05-14 21:39:34,851 1474   [ost-startStop-1] INFO  andler.SimpleUrlHandlerMapping  - Mapped URL path [/images/**] onto handler 'org.springframework.web.servlet.resource.ResourceHttpRequestHandler#1'
2020-05-14 21:39:34,857 1480   [ost-startStop-1] INFO  andler.SimpleUrlHandlerMapping  - Mapped URL path [/js/**] onto handler 'org.springframework.web.servlet.resource.ResourceHttpRequestHandler#2'
2020-05-14 21:39:34,863 1486   [ost-startStop-1] INFO  andler.SimpleUrlHandlerMapping  - Mapped URL path [/fonts/**] onto handler 'org.springframework.web.servlet.resource.ResourceHttpRequestHandler#3'
2020-05-14 21:39:34,898 1521   [ost-startStop-1] INFO  n.RequestMappingHandlerMapping  - Mapped "{[/account/save]}" onto public void cn.itcast.controller.AccountController.save(cn.itcast.domain.Account,javax.servlet.http.HttpServletRequest,javax.servlet.http.HttpServletResponse) throws java.io.IOException
2020-05-14 21:39:34,899 1522   [ost-startStop-1] INFO  n.RequestMappingHandlerMapping  - Mapped "{[/account/loginAjax]}" onto public void cn.itcast.controller.AccountController.loginAjax(java.lang.String,java.lang.String,javax.servlet.http.HttpServletResponse,javax.servlet.http.HttpServletRequest) throws java.io.IOException
2020-05-14 21:39:34,900 1523   [ost-startStop-1] INFO  n.RequestMappingHandlerMapping  - Mapped "{[/account/logoutAjax]}" onto public void cn.itcast.controller.AccountController.logoutAjax(javax.servlet.http.HttpServletRequest)
2020-05-14 21:39:34,902 1525   [ost-startStop-1] INFO  n.RequestMappingHandlerMapping  - Mapped "{[/List/addUser]}" onto public void cn.itcast.controller.ListController.addUser(cn.itcast.domain.Account)
2020-05-14 21:39:34,902 1525   [ost-startStop-1] INFO  n.RequestMappingHandlerMapping  - Mapped "{[/List/editUser]}" onto public void cn.itcast.controller.ListController.editUser(cn.itcast.domain.Account)
2020-05-14 21:39:34,905 1528   [ost-startStop-1] INFO  n.RequestMappingHandlerMapping  - Mapped "{[/List/findAll]}" onto public java.util.List<cn.itcast.domain.Account> cn.itcast.controller.ListController.finAll()
2020-05-14 21:39:34,905 1528   [ost-startStop-1] INFO  n.RequestMappingHandlerMapping  - Mapped "{[/List/delUser]}" onto public void cn.itcast.controller.ListController.delUser(java.util.List<java.lang.Integer>)
2020-05-14 21:39:35,160 1783   [ost-startStop-1] INFO  n.RequestMappingHandlerAdapter  - Looking for @ControllerAdvice: WebApplicationContext for namespace 'dispatcherServlet-servlet': startup date [Thu May 14 21:39:34 CST 2020]; parent: Root WebApplicationContext
2020-05-14 21:39:35,298 1921   [ost-startStop-1] INFO  n.RequestMappingHandlerAdapter  - Looking for @ControllerAdvice: WebApplicationContext for namespace 'dispatcherServlet-servlet': startup date [Thu May 14 21:39:34 CST 2020]; parent: Root WebApplicationContext
2020-05-14 21:39:35,469 2092   [ost-startStop-1] INFO  .web.servlet.DispatcherServlet  - FrameworkServlet 'dispatcherServlet': initialization completed in 1176 ms
